<?xml version="1.0" encoding="UTF-8"?>
<testng-results skipped="0" failed="0" ignored="0" total="1" passed="1">
  <reporter-output>
  </reporter-output>
  <suite name="Default suite" duration-ms="4430" started-at="2018-12-03T04:57:47Z" finished-at="2018-12-03T04:57:51Z">
    <groups>
    </groups>
    <test name="Default test" duration-ms="4430" started-at="2018-12-03T04:57:47Z" finished-at="2018-12-03T04:57:51Z">
      <class name="mic.sajjad.TakeScreenshot">
        <test-method status="PASS" signature="testGuru99TakeScreenShot()[pri:0, instance:mic.sajjad.TakeScreenshot@3532ec19]" name="testGuru99TakeScreenShot" duration-ms="4400" started-at="2018-12-03T10:27:47Z" finished-at="2018-12-03T10:27:51Z">
          <reporter-output>
          </reporter-output>
        </test-method> <!-- testGuru99TakeScreenShot -->
      </class> <!-- mic.sajjad.TakeScreenshot -->
    </test> <!-- Default test -->
  </suite> <!-- Default suite -->
</testng-results>
