<?xml version="1.0" encoding="UTF-8"?>
<!-- Generated by org.testng.reporters.JUnitXMLReporter -->
<testsuite hostname="sajjad-PC" ignored="0" name="CreatesLeads" tests="3" failures="0" timestamp="02 Dec 2018 15:39:01 GMT" time="64.908" errors="0">
  <testcase name="testCreateLead" time="18.297" classname="com.bhanu.testScripts.leads.CreatesLeads"/>
  <testcase name="testCreateLead" time="21.165" classname="com.bhanu.testScripts.leads.CreatesLeads"/>
  <testcase name="testCreateLead" time="20.24" classname="com.bhanu.testScripts.leads.CreatesLeads"/>
</testsuite> <!-- CreatesLeads -->
