<?xml version="1.0" encoding="UTF-8"?>
<!-- Generated by org.testng.reporters.JUnitXMLReporter -->
<testsuite hostname="sajjad-PC" ignored="0" name="CreatesLeads" tests="3" failures="0" timestamp="01 Dec 2018 11:49:18 GMT" time="3.885" errors="0">
  <testcase name="@BeforeTest launchBrowser" time="0.0" classname="com.bhanu.testBase.TestBase">
    <failure type="java.lang.NumberFormatException" message="null">
      <![CDATA[java.lang.NumberFormatException: null
	at java.lang.Integer.parseInt(Unknown Source)
	at java.lang.Integer.parseInt(Unknown Source)
	at com.bhanu.testBase.DataSource.getImplicitWait(DataSource.java:63)
	at com.bhanu.testBase.TestBase.launchBrowser(TestBase.java:140)
... Removed 23 stack frames]]>
    </failure>
  </testcase> <!-- @BeforeTest launchBrowser -->
  <testcase name="@BeforeClass beforeClass" time="0.0" classname="com.bhanu.testScripts.leads.CreatesLeads">
    <skipped/>
  </testcase> <!-- @BeforeClass beforeClass -->
  <testcase name="testCreateLead" time="0.002" classname="com.bhanu.testScripts.leads.CreatesLeads">
    <skipped/>
  </testcase> <!-- testCreateLead -->
  <testcase name="testCreateLead" time="0.003" classname="com.bhanu.testScripts.leads.CreatesLeads">
    <skipped/>
  </testcase> <!-- testCreateLead -->
  <testcase name="testCreateLead" time="0.003" classname="com.bhanu.testScripts.leads.CreatesLeads">
    <skipped/>
  </testcase> <!-- testCreateLead -->
</testsuite> <!-- CreatesLeads -->
